

================================================================
== Vivado HLS Report for 'exp_generic_float_s'
================================================================
* Date:           Mon Nov 27 20:25:33 2017

* Version:        2017.2 (Build 1909853 on Wed Aug 23 11:51:38 MDT 2017)
* Project:        forward_kernel
* Solution:       solution_OCL_REGION_0
* Product family: kintexu
* Target device:  xcku115-flvb2104-2-e


================================================================
== Performance Estimates
================================================================
+ Timing (ns): 
    * Summary: 
    +--------+-------+----------+------------+
    |  Clock | Target| Estimated| Uncertainty|
    +--------+-------+----------+------------+
    |ap_clk  |   3.33|      2.64|        0.90|
    +--------+-------+----------+------------+

+ Latency (clock cycles): 
    * Summary: 
    +-----+-----+-----+-----+----------+
    |  Latency  |  Interval | Pipeline |
    | min | max | min | max |   Type   |
    +-----+-----+-----+-----+----------+
    |   20|   20|    1|    1| function |
    +-----+-----+-----+-----+----------+

    + Detail: 
        * Instance: 
        N/A

        * Loop: 
        N/A

============================================================
+ Verbose Summary: Synthesis Manager
============================================================
InlineROM: 1
ExposeGlobal: 0
============================================================
+ Verbose Summary: CDFG Model
============================================================
IsTopModel: 0
ResetActiveHigh: 1
IsCombinational: 0
IsDatapathOnly: 0
HasWiredReturn: 1
HasMFsm: 2
HasVarLatency: 0
IsPipeline: 1
IsRtlPipelined: 1
IsInstanceOverlapped: 0
IsDontTouch: 0
HasImplIP: 0
IsGatedGlobalClock: 0

+ Individual pipeline summary: 
  * Pipeline-0: initiation interval (II) = 1, depth = 21


============================================================
+ Verbose Summary: Schedule
============================================================
* Number of FSM states: 21
* Pipeline: 1
  Pipeline-0: II = 1, D = 21, States = { 1 2 3 4 5 6 7 8 9 10 11 12 13 14 15 16 17 18 19 20 21 }
* Dataflow Pipeline: 0

* FSM state transitions: 
1 --> 
	2  / true
2 --> 
	3  / true
3 --> 
	4  / true
4 --> 
	5  / true
5 --> 
	6  / true
6 --> 
	7  / true
7 --> 
	8  / true
8 --> 
	9  / true
9 --> 
	10  / true
10 --> 
	11  / true
11 --> 
	12  / true
12 --> 
	13  / true
13 --> 
	14  / true
14 --> 
	15  / true
15 --> 
	16  / true
16 --> 
	17  / true
17 --> 
	18  / true
18 --> 
	19  / true
19 --> 
	20  / true
20 --> 
	21  / true
21 --> 
* FSM state operations: 

 <State 1>: 2.11ns
ST_1: x_read (4)  [1/1] 0.00ns
_ifconv:0  %x_read = call float @_ssdm_op_Read.ap_auto.float(float %x) nounwind

ST_1: p_Val2_s (6)  [1/1] 0.00ns  loc: /wrk/2017.2_sdx/nightly/2017_08_23_1972098/src/products/hls/hls_lib/src/hls/utils/x_hls_utils.h:311->/wrk/2017.2_sdx/nightly/2017_08_23_1972098/src/products/hls/hls_lib/src/hls/utils/x_hls_utils.h:320->/wrk/2017.2_sdx/nightly/2017_08_23_1972098/src/products/hls/hls_lib/src/hls/hls_exp_.h:169
_ifconv:2  %p_Val2_s = bitcast float %x_read to i32

ST_1: p_Result_s (7)  [1/1] 0.00ns  loc: /wrk/2017.2_sdx/nightly/2017_08_23_1972098/src/products/hls/hls_lib/src/hls/utils/x_hls_utils.h:317->/wrk/2017.2_sdx/nightly/2017_08_23_1972098/src/products/hls/hls_lib/src/hls/utils/x_hls_utils.h:320->/wrk/2017.2_sdx/nightly/2017_08_23_1972098/src/products/hls/hls_lib/src/hls/hls_exp_.h:169
_ifconv:3  %p_Result_s = call i1 @_ssdm_op_BitSelect.i1.i32.i32(i32 %p_Val2_s, i32 31)

ST_1: loc_V (8)  [1/1] 0.00ns  loc: /wrk/2017.2_sdx/nightly/2017_08_23_1972098/src/products/hls/hls_lib/src/hls/utils/x_hls_utils.h:318->/wrk/2017.2_sdx/nightly/2017_08_23_1972098/src/products/hls/hls_lib/src/hls/utils/x_hls_utils.h:320->/wrk/2017.2_sdx/nightly/2017_08_23_1972098/src/products/hls/hls_lib/src/hls/hls_exp_.h:169
_ifconv:4  %loc_V = call i8 @_ssdm_op_PartSelect.i8.i32.i32.i32(i32 %p_Val2_s, i32 23, i32 30)

ST_1: loc_V_1 (9)  [1/1] 0.00ns  loc: /wrk/2017.2_sdx/nightly/2017_08_23_1972098/src/products/hls/hls_lib/src/hls/utils/x_hls_utils.h:319->/wrk/2017.2_sdx/nightly/2017_08_23_1972098/src/products/hls/hls_lib/src/hls/utils/x_hls_utils.h:320->/wrk/2017.2_sdx/nightly/2017_08_23_1972098/src/products/hls/hls_lib/src/hls/hls_basic_math.h:184->/wrk/2017.2_sdx/nightly/2017_08_23_1972098/src/products/hls/hls_lib/src/hls/hls_basic_math.h:190->/wrk/2017.2_sdx/nightly/2017_08_23_1972098/src/products/hls/hls_lib/src/hls/hls_exp_.h:189
_ifconv:5  %loc_V_1 = trunc i32 %p_Val2_s to i23

ST_1: tmp_i_i (10)  [1/1] 0.78ns  loc: /wrk/2017.2_sdx/nightly/2017_08_23_1972098/src/products/hls/hls_lib/src/hls/hls_basic_math.h:185->/wrk/2017.2_sdx/nightly/2017_08_23_1972098/src/products/hls/hls_lib/src/hls/hls_basic_math.h:190->/wrk/2017.2_sdx/nightly/2017_08_23_1972098/src/products/hls/hls_lib/src/hls/hls_exp_.h:189
_ifconv:6  %tmp_i_i = icmp eq i8 %loc_V, -1

ST_1: tmp_1_i_i (11)  [1/1] 1.12ns  loc: /wrk/2017.2_sdx/nightly/2017_08_23_1972098/src/products/hls/hls_lib/src/hls/hls_basic_math.h:185->/wrk/2017.2_sdx/nightly/2017_08_23_1972098/src/products/hls/hls_lib/src/hls/hls_basic_math.h:190->/wrk/2017.2_sdx/nightly/2017_08_23_1972098/src/products/hls/hls_lib/src/hls/hls_exp_.h:189
_ifconv:7  %tmp_1_i_i = icmp ne i23 %loc_V_1, 0

ST_1: not_demorgan (12)  [1/1] 0.40ns  loc: /wrk/2017.2_sdx/nightly/2017_08_23_1972098/src/products/hls/hls_lib/src/hls/hls_exp_.h:189
_ifconv:8  %not_demorgan = and i1 %tmp_i_i, %tmp_1_i_i

ST_1: tmp_3_i_i (13)  [1/1] 1.12ns  loc: /wrk/2017.2_sdx/nightly/2017_08_23_1972098/src/products/hls/hls_lib/src/hls/hls_basic_math.h:146->/wrk/2017.2_sdx/nightly/2017_08_23_1972098/src/products/hls/hls_lib/src/hls/hls_basic_math.h:151->/wrk/2017.2_sdx/nightly/2017_08_23_1972098/src/products/hls/hls_lib/src/hls/hls_exp_.h:190
_ifconv:9  %tmp_3_i_i = icmp eq i23 %loc_V_1, 0

ST_1: tmp_4_i_i (14)  [1/1] 0.40ns  loc: /wrk/2017.2_sdx/nightly/2017_08_23_1972098/src/products/hls/hls_lib/src/hls/hls_basic_math.h:146->/wrk/2017.2_sdx/nightly/2017_08_23_1972098/src/products/hls/hls_lib/src/hls/hls_basic_math.h:151->/wrk/2017.2_sdx/nightly/2017_08_23_1972098/src/products/hls/hls_lib/src/hls/hls_exp_.h:190
_ifconv:10  %tmp_4_i_i = and i1 %tmp_i_i, %tmp_3_i_i

ST_1: tmp_i_cast (17)  [1/1] 0.00ns  loc: /wrk/2017.2_sdx/nightly/2017_08_23_1972098/src/products/hls/hls_lib/src/hls/utils/x_hls_utils.h:340->/wrk/2017.2_sdx/nightly/2017_08_23_1972098/src/products/hls/hls_lib/src/hls/hls_exp_.h:217
_ifconv:13  %tmp_i_cast = zext i8 %loc_V to i9

ST_1: m_exp (18)  [1/1] 1.28ns  loc: /wrk/2017.2_sdx/nightly/2017_08_23_1972098/src/products/hls/hls_lib/src/hls/utils/x_hls_utils.h:340->/wrk/2017.2_sdx/nightly/2017_08_23_1972098/src/products/hls/hls_lib/src/hls/hls_exp_.h:217
_ifconv:14  %m_exp = add i9 -127, %tmp_i_cast

ST_1: p_Result_5 (19)  [1/1] 0.00ns  loc: /wrk/2017.2_sdx/nightly/2017_08_23_1972098/src/products/hls/hls_lib/src/hls/hls_exp_.h:232
_ifconv:15  %p_Result_5 = call i25 @_ssdm_op_BitConcatenate.i25.i2.i23(i2 1, i23 %loc_V_1)

ST_1: p_Val2_7 (20)  [1/1] 1.46ns  loc: /wrk/2017.2_sdx/nightly/2017_08_23_1972098/src/products/hls/hls_lib/src/hls/hls_exp_.h:233
_ifconv:16  %p_Val2_7 = sub i25 0, %p_Result_5

ST_1: p_Val2_8 (21)  [1/1] 0.59ns  loc: /wrk/2017.2_sdx/nightly/2017_08_23_1972098/src/products/hls/hls_lib/src/hls/hls_exp_.h:233
_ifconv:17  %p_Val2_8 = select i1 %p_Result_s, i25 %p_Val2_7, i25 %p_Result_5

ST_1: isNeg (24)  [1/1] 0.00ns  loc: /wrk/2017.2_sdx/nightly/2017_08_23_1972098/src/products/hls/hls_lib/src/hls/hls_exp_.h:238
_ifconv:20  %isNeg = call i1 @_ssdm_op_BitSelect.i1.i9.i32(i9 %m_exp, i32 8)

ST_1: tmp_8 (25)  [1/1] 1.28ns  loc: /wrk/2017.2_sdx/nightly/2017_08_23_1972098/src/products/hls/hls_lib/src/hls/hls_exp_.h:238
_ifconv:21  %tmp_8 = sub i8 127, %loc_V

ST_1: tmp_8_cast (26)  [1/1] 0.00ns  loc: /wrk/2017.2_sdx/nightly/2017_08_23_1972098/src/products/hls/hls_lib/src/hls/hls_exp_.h:238
_ifconv:22  %tmp_8_cast = sext i8 %tmp_8 to i9

ST_1: sh_assign_1 (27)  [1/1] 0.59ns  loc: /wrk/2017.2_sdx/nightly/2017_08_23_1972098/src/products/hls/hls_lib/src/hls/hls_exp_.h:238
_ifconv:23  %sh_assign_1 = select i1 %isNeg, i9 %tmp_8_cast, i9 %m_exp

ST_1: tmp_25 (86)  [1/1] 0.82ns  loc: /wrk/2017.2_sdx/nightly/2017_08_23_1972098/src/products/hls/hls_lib/src/hls/hls_exp_.h:314
_ifconv:82  %tmp_25 = icmp sgt i9 %m_exp, 0

ST_1: tmp_78 (91)  [1/1] 0.00ns  loc: /wrk/2017.2_sdx/nightly/2017_08_23_1972098/src/products/hls/hls_lib/src/hls/hls_exp_.h:315
_ifconv:87  %tmp_78 = call i1 @_ssdm_op_BitSelect.i1.i25.i32(i25 %p_Val2_8, i32 24)


 <State 2>: 1.55ns
ST_2: p_Val2_18 (22)  [1/1] 0.00ns  loc: /wrk/2017.2_sdx/nightly/2017_08_23_1972098/src/products/hls/hls_lib/src/hls/hls_exp_.h:236
_ifconv:18  %p_Val2_18 = call i29 @_ssdm_op_BitConcatenate.i29.i25.i4(i25 %p_Val2_8, i4 0)

ST_2: p_Val2_25_cast1 (23)  [1/1] 0.00ns  loc: /wrk/2017.2_sdx/nightly/2017_08_23_1972098/src/products/hls/hls_lib/src/hls/hls_exp_.h:236
_ifconv:19  %p_Val2_25_cast1 = sext i29 %p_Val2_18 to i36

ST_2: sh_assign_1_cast (28)  [1/1] 0.00ns  loc: /wrk/2017.2_sdx/nightly/2017_08_23_1972098/src/products/hls/hls_lib/src/hls/hls_exp_.h:238
_ifconv:24  %sh_assign_1_cast = sext i9 %sh_assign_1 to i32

ST_2: sh_assign_1_cast_cast (29)  [1/1] 0.00ns  loc: /wrk/2017.2_sdx/nightly/2017_08_23_1972098/src/products/hls/hls_lib/src/hls/hls_exp_.h:238 (grouped into LUT with out node p_Val2_9)
_ifconv:25  %sh_assign_1_cast_cast = sext i9 %sh_assign_1 to i29

ST_2: tmp_9 (30)  [1/1] 0.00ns  loc: /wrk/2017.2_sdx/nightly/2017_08_23_1972098/src/products/hls/hls_lib/src/hls/hls_exp_.h:238 (grouped into LUT with out node p_Val2_9)
_ifconv:26  %tmp_9 = zext i32 %sh_assign_1_cast to i36

ST_2: tmp_5 (31)  [1/1] 0.00ns  loc: /wrk/2017.2_sdx/nightly/2017_08_23_1972098/src/products/hls/hls_lib/src/hls/hls_exp_.h:238 (grouped into LUT with out node p_Val2_9)
_ifconv:27  %tmp_5 = ashr i29 %p_Val2_18, %sh_assign_1_cast_cast

ST_2: tmp_5_cast (32)  [1/1] 0.00ns  loc: /wrk/2017.2_sdx/nightly/2017_08_23_1972098/src/products/hls/hls_lib/src/hls/hls_exp_.h:238 (grouped into LUT with out node p_Val2_9)
_ifconv:28  %tmp_5_cast = sext i29 %tmp_5 to i36

ST_2: tmp_6 (33)  [1/1] 0.00ns  loc: /wrk/2017.2_sdx/nightly/2017_08_23_1972098/src/products/hls/hls_lib/src/hls/hls_exp_.h:238 (grouped into LUT with out node p_Val2_9)
_ifconv:29  %tmp_6 = shl i36 %p_Val2_25_cast1, %tmp_9

ST_2: p_Val2_9 (34)  [1/1] 1.55ns  loc: /wrk/2017.2_sdx/nightly/2017_08_23_1972098/src/products/hls/hls_lib/src/hls/hls_exp_.h:238 (out node of the LUT)
_ifconv:30  %p_Val2_9 = select i1 %isNeg, i36 %tmp_5_cast, i36 %tmp_6

ST_2: tmp_1 (35)  [1/1] 0.00ns  loc: /wrk/2017.2_sdx/nightly/2017_08_23_1972098/src/products/hls/hls_lib/src/hls/hls_exp_.h:238
_ifconv:31  %tmp_1 = call i32 @_ssdm_op_PartSelect.i32.i36.i32.i32(i36 %p_Val2_9, i32 4, i32 35)

ST_2: tmp_7 (38)  [1/1] 0.00ns  loc: /wrk/2017.2_sdx/nightly/2017_08_23_1972098/src/products/hls/hls_lib/src/hls/hls_exp_.h:244
_ifconv:34  %tmp_7 = call i13 @_ssdm_op_PartSelect.i13.i36.i32.i32(i36 %p_Val2_9, i32 23, i32 35)

ST_2: tmp_72 (39)  [1/1] 0.00ns  loc: /wrk/2017.2_sdx/nightly/2017_08_23_1972098/src/products/hls/hls_lib/src/hls/hls_exp_.h:249
_ifconv:35  %tmp_72 = call i1 @_ssdm_op_BitSelect.i1.i36.i32(i36 %p_Val2_9, i32 35)


 <State 3>: 2.11ns
ST_3: tmp_2 (36)  [1/1] 0.00ns  loc: /wrk/2017.2_sdx/nightly/2017_08_23_1972098/src/products/hls/hls_lib/src/hls/hls_exp_.h:239 (grouped into LUT with out node tmp_26)
_ifconv:32  %tmp_2 = shl i32 %tmp_1, %sh_assign_1_cast

ST_3: tmp_3 (37)  [1/1] 0.00ns  loc: /wrk/2017.2_sdx/nightly/2017_08_23_1972098/src/products/hls/hls_lib/src/hls/hls_exp_.h:239 (grouped into LUT with out node tmp_26)
_ifconv:33  %tmp_3 = ashr i32 %tmp_1, %sh_assign_1_cast

ST_3: OP1_V (40)  [1/1] 0.00ns  loc: /wrk/2017.2_sdx/nightly/2017_08_23_1972098/src/products/hls/hls_lib/src/hls/hls_exp_.h:252
_ifconv:36  %OP1_V = sext i13 %tmp_7 to i25

ST_3: p_Val2_3 (41)  [2/2] 2.11ns  loc: /wrk/2017.2_sdx/nightly/2017_08_23_1972098/src/products/hls/hls_lib/src/hls/hls_exp_.h:252
_ifconv:37  %p_Val2_3 = mul i25 2954, %OP1_V

ST_3: tmp_47 (54)  [1/1] 0.00ns  loc: /wrk/2017.2_sdx/nightly/2017_08_23_1972098/src/products/hls/hls_lib/src/hls/hls_exp_.h:239 (grouped into LUT with out node tmp_26)
_ifconv:50  %tmp_47 = select i1 %isNeg, i32 %tmp_2, i32 %tmp_3

ST_3: tmp_14 (55)  [1/1] 0.00ns  loc: /wrk/2017.2_sdx/nightly/2017_08_23_1972098/src/products/hls/hls_lib/src/hls/hls_exp_.h:260 (grouped into LUT with out node tmp_26)
_ifconv:51  %tmp_14 = call i36 @_ssdm_op_BitConcatenate.i36.i32.i4(i32 %tmp_47, i4 0)

ST_3: tmp_26 (87)  [1/1] 1.50ns  loc: /wrk/2017.2_sdx/nightly/2017_08_23_1972098/src/products/hls/hls_lib/src/hls/hls_exp_.h:314 (out node of the LUT)
_ifconv:83  %tmp_26 = icmp ne i36 %tmp_14, %p_Val2_25_cast1


 <State 4>: 2.64ns
ST_4: p_Val2_3 (41)  [1/2] 0.00ns  loc: /wrk/2017.2_sdx/nightly/2017_08_23_1972098/src/products/hls/hls_lib/src/hls/hls_exp_.h:252
_ifconv:37  %p_Val2_3 = mul i25 2954, %OP1_V

ST_4: tmp_10 (42)  [1/1] 0.00ns  loc: /wrk/2017.2_sdx/nightly/2017_08_23_1972098/src/products/hls/hls_lib/src/hls/hls_exp_.h:252
_ifconv:38  %tmp_10 = call i16 @_ssdm_op_BitConcatenate.i16.i1.i15(i1 %tmp_72, i15 -16384)

ST_4: tmp_13_cast (43)  [1/1] 0.00ns  loc: /wrk/2017.2_sdx/nightly/2017_08_23_1972098/src/products/hls/hls_lib/src/hls/hls_exp_.h:252
_ifconv:39  %tmp_13_cast = sext i16 %tmp_10 to i25

ST_4: r_V (44)  [1/1] 2.64ns  loc: /wrk/2017.2_sdx/nightly/2017_08_23_1972098/src/products/hls/hls_lib/src/hls/hls_exp_.h:252
_ifconv:40  %r_V = add i25 %tmp_13_cast, %p_Val2_3

ST_4: tmp_74 (47)  [1/1] 0.00ns  loc: /wrk/2017.2_sdx/nightly/2017_08_23_1972098/src/products/hls/hls_lib/src/hls/hls_exp_.h:252
_ifconv:43  %tmp_74 = trunc i25 %r_V to i15


 <State 5>: 1.91ns
ST_5: tmp_11 (45)  [1/1] 0.00ns  loc: /wrk/2017.2_sdx/nightly/2017_08_23_1972098/src/products/hls/hls_lib/src/hls/hls_exp_.h:252
_ifconv:41  %tmp_11 = call i10 @_ssdm_op_PartSelect.i10.i25.i32.i32(i25 %r_V, i32 15, i32 24)

ST_5: tmp_73 (46)  [1/1] 0.00ns  loc: /wrk/2017.2_sdx/nightly/2017_08_23_1972098/src/products/hls/hls_lib/src/hls/hls_exp_.h:252 (grouped into LUT with out node r_exp_V_3)
_ifconv:42  %tmp_73 = call i1 @_ssdm_op_BitSelect.i1.i25.i32(i25 %r_V, i32 24)

ST_5: tmp_12 (48)  [1/1] 1.06ns  loc: /wrk/2017.2_sdx/nightly/2017_08_23_1972098/src/products/hls/hls_lib/src/hls/hls_exp_.h:252
_ifconv:44  %tmp_12 = icmp eq i15 %tmp_74, 0

ST_5: ret_V_2 (49)  [1/1] 1.32ns  loc: /wrk/2017.2_sdx/nightly/2017_08_23_1972098/src/products/hls/hls_lib/src/hls/hls_exp_.h:252
_ifconv:45  %ret_V_2 = add i10 1, %tmp_11

ST_5: p_s (50)  [1/1] 0.00ns  loc: /wrk/2017.2_sdx/nightly/2017_08_23_1972098/src/products/hls/hls_lib/src/hls/hls_exp_.h:252 (grouped into LUT with out node r_exp_V_3)
_ifconv:46  %p_s = select i1 %tmp_12, i10 %tmp_11, i10 %ret_V_2

ST_5: r_exp_V_3 (51)  [1/1] 0.59ns  loc: /wrk/2017.2_sdx/nightly/2017_08_23_1972098/src/products/hls/hls_lib/src/hls/hls_exp_.h:252 (out node of the LUT)
_ifconv:47  %r_exp_V_3 = select i1 %tmp_73, i10 %p_s, i10 %tmp_11


 <State 6>: 2.27ns
ST_6: OP1_V_1 (52)  [1/1] 0.00ns  loc: /wrk/2017.2_sdx/nightly/2017_08_23_1972098/src/products/hls/hls_lib/src/hls/hls_exp_.h:258
_ifconv:48  %OP1_V_1 = sext i10 %r_exp_V_3 to i46

ST_6: p_Val2_2 (53)  [6/6] 2.27ns  loc: /wrk/2017.2_sdx/nightly/2017_08_23_1972098/src/products/hls/hls_lib/src/hls/hls_exp_.h:258
_ifconv:49  %p_Val2_2 = mul i46 47632711549, %OP1_V_1


 <State 7>: 2.27ns
ST_7: p_Val2_2 (53)  [5/6] 2.27ns  loc: /wrk/2017.2_sdx/nightly/2017_08_23_1972098/src/products/hls/hls_lib/src/hls/hls_exp_.h:258
_ifconv:49  %p_Val2_2 = mul i46 47632711549, %OP1_V_1


 <State 8>: 2.27ns
ST_8: p_Val2_2 (53)  [4/6] 2.27ns  loc: /wrk/2017.2_sdx/nightly/2017_08_23_1972098/src/products/hls/hls_lib/src/hls/hls_exp_.h:258
_ifconv:49  %p_Val2_2 = mul i46 47632711549, %OP1_V_1


 <State 9>: 2.27ns
ST_9: p_Val2_2 (53)  [3/6] 2.27ns  loc: /wrk/2017.2_sdx/nightly/2017_08_23_1972098/src/products/hls/hls_lib/src/hls/hls_exp_.h:258
_ifconv:49  %p_Val2_2 = mul i46 47632711549, %OP1_V_1


 <State 10>: 2.27ns
ST_10: p_Val2_2 (53)  [2/6] 2.27ns  loc: /wrk/2017.2_sdx/nightly/2017_08_23_1972098/src/products/hls/hls_lib/src/hls/hls_exp_.h:258
_ifconv:49  %p_Val2_2 = mul i46 47632711549, %OP1_V_1


 <State 11>: 2.27ns
ST_11: p_Val2_2 (53)  [1/6] 2.27ns  loc: /wrk/2017.2_sdx/nightly/2017_08_23_1972098/src/products/hls/hls_lib/src/hls/hls_exp_.h:258
_ifconv:49  %p_Val2_2 = mul i46 47632711549, %OP1_V_1

ST_11: tmp_48 (57)  [1/1] 0.00ns  loc: /wrk/2017.2_sdx/nightly/2017_08_23_1972098/src/products/hls/hls_lib/src/hls/hls_exp_.h:258
_ifconv:53  %tmp_48 = call i36 @_ssdm_op_PartSelect.i36.i46.i32.i32(i46 %p_Val2_2, i32 10, i32 45)


 <State 12>: 1.53ns
ST_12: tmp_15 (56)  [1/1] 0.00ns  loc: /wrk/2017.2_sdx/nightly/2017_08_23_1972098/src/products/hls/hls_lib/src/hls/hls_exp_.h:262
_ifconv:52  %tmp_15 = sext i36 %p_Val2_9 to i38

ST_12: tmp_16 (58)  [1/1] 0.00ns  loc: /wrk/2017.2_sdx/nightly/2017_08_23_1972098/src/products/hls/hls_lib/src/hls/hls_exp_.h:262
_ifconv:54  %tmp_16 = call i37 @_ssdm_op_BitConcatenate.i37.i36.i1(i36 %tmp_48, i1 false)

ST_12: tmp_21_cast (59)  [1/1] 0.00ns  loc: /wrk/2017.2_sdx/nightly/2017_08_23_1972098/src/products/hls/hls_lib/src/hls/hls_exp_.h:262
_ifconv:55  %tmp_21_cast = sext i37 %tmp_16 to i38

ST_12: p_Val2_5 (60)  [1/1] 1.53ns  loc: /wrk/2017.2_sdx/nightly/2017_08_23_1972098/src/products/hls/hls_lib/src/hls/hls_exp_.h:262
_ifconv:56  %p_Val2_5 = sub nsw i38 %tmp_15, %tmp_21_cast

ST_12: m_diff_hi_V (61)  [1/1] 0.00ns  loc: /wrk/2017.2_sdx/nightly/2017_08_23_1972098/src/products/hls/hls_lib/src/hls/hls_exp_.h:293
_ifconv:57  %m_diff_hi_V = call i9 @_ssdm_op_PartSelect.i9.i38.i32.i32(i38 %p_Val2_5, i32 18, i32 26)

ST_12: p_Val2_15 (62)  [1/1] 0.00ns  loc: /wrk/2017.2_sdx/nightly/2017_08_23_1972098/src/products/hls/hls_lib/src/hls/hls_exp_.h:295
_ifconv:58  %p_Val2_15 = trunc i38 %p_Val2_5 to i18

ST_12: Z2_ind_V (66)  [1/1] 0.00ns  loc: /wrk/2017.2_sdx/nightly/2017_08_23_1972098/src/products/hls/hls_lib/src/hls/hls_exp_.h:79->/wrk/2017.2_sdx/nightly/2017_08_23_1972098/src/products/hls/hls_lib/src/hls/hls_exp_.h:300
_ifconv:62  %Z2_ind_V = call i5 @_ssdm_op_PartSelect.i5.i38.i32.i32(i38 %p_Val2_5, i32 13, i32 17)


 <State 13>: 1.77ns
ST_13: tmp_i1 (67)  [1/1] 0.00ns  loc: /wrk/2017.2_sdx/nightly/2017_08_23_1972098/src/products/hls/hls_lib/src/hls/hls_exp_.h:80->/wrk/2017.2_sdx/nightly/2017_08_23_1972098/src/products/hls/hls_lib/src/hls/hls_exp_.h:300
_ifconv:63  %tmp_i1 = zext i5 %Z2_ind_V to i64

ST_13: hls_exp_reduce_anonymous_namespace_table_f_Z2_ap_ufixed_27_0_ap_q_mode_5_ap_o_mode_3_0_array_V_addr (68)  [1/1] 0.00ns  loc: /wrk/2017.2_sdx/nightly/2017_08_23_1972098/src/products/hls/hls_lib/src/hls/hls_exp_.h:80->/wrk/2017.2_sdx/nightly/2017_08_23_1972098/src/products/hls/hls_lib/src/hls/hls_exp_.h:300
_ifconv:64  %hls_exp_reduce_anonymous_namespace_table_f_Z2_ap_ufixed_27_0_ap_q_mode_5_ap_o_mode_3_0_array_V_addr = getelementptr [32 x i8]* @hls_exp_reduce_anonymous_namespace_table_f_Z2_ap_ufixed_27_0_ap_q_mode_5_ap_o_mode_3_0_array_V, i64 0, i64 %tmp_i1

ST_13: p_Val2_16 (69)  [2/2] 1.77ns  loc: /wrk/2017.2_sdx/nightly/2017_08_23_1972098/src/products/hls/hls_lib/src/hls/hls_exp_.h:80->/wrk/2017.2_sdx/nightly/2017_08_23_1972098/src/products/hls/hls_lib/src/hls/hls_exp_.h:300
_ifconv:65  %p_Val2_16 = load i8* %hls_exp_reduce_anonymous_namespace_table_f_Z2_ap_ufixed_27_0_ap_q_mode_5_ap_o_mode_3_0_array_V_addr, align 1


 <State 14>: 1.77ns
ST_14: tmp_17 (63)  [1/1] 0.00ns  loc: /wrk/2017.2_sdx/nightly/2017_08_23_1972098/src/products/hls/hls_lib/src/hls/hls_exp_.h:299
_ifconv:59  %tmp_17 = zext i9 %m_diff_hi_V to i64

ST_14: hls_exp_reduce_anonymous_namespace_table_exp_Z1_ap_ufixed_27_1_ap_q_mode_5_ap_o_mode_3_0_array_V_addr (64)  [1/1] 0.00ns  loc: /wrk/2017.2_sdx/nightly/2017_08_23_1972098/src/products/hls/hls_lib/src/hls/hls_exp_.h:299
_ifconv:60  %hls_exp_reduce_anonymous_namespace_table_exp_Z1_ap_ufixed_27_1_ap_q_mode_5_ap_o_mode_3_0_array_V_addr = getelementptr [512 x i27]* @hls_exp_reduce_anonymous_namespace_table_exp_Z1_ap_ufixed_27_1_ap_q_mode_5_ap_o_mode_3_0_array_V, i64 0, i64 %tmp_17

ST_14: p_Val2_17 (65)  [2/2] 1.77ns  loc: /wrk/2017.2_sdx/nightly/2017_08_23_1972098/src/products/hls/hls_lib/src/hls/hls_exp_.h:299
_ifconv:61  %p_Val2_17 = load i27* %hls_exp_reduce_anonymous_namespace_table_exp_Z1_ap_ufixed_27_1_ap_q_mode_5_ap_o_mode_3_0_array_V_addr, align 4

ST_14: p_Val2_16 (69)  [1/2] 1.77ns  loc: /wrk/2017.2_sdx/nightly/2017_08_23_1972098/src/products/hls/hls_lib/src/hls/hls_exp_.h:80->/wrk/2017.2_sdx/nightly/2017_08_23_1972098/src/products/hls/hls_lib/src/hls/hls_exp_.h:300
_ifconv:65  %p_Val2_16 = load i8* %hls_exp_reduce_anonymous_namespace_table_f_Z2_ap_ufixed_27_0_ap_q_mode_5_ap_o_mode_3_0_array_V_addr, align 1


 <State 15>: 1.77ns
ST_15: p_Val2_17 (65)  [1/2] 1.77ns  loc: /wrk/2017.2_sdx/nightly/2017_08_23_1972098/src/products/hls/hls_lib/src/hls/hls_exp_.h:299
_ifconv:61  %p_Val2_17 = load i27* %hls_exp_reduce_anonymous_namespace_table_exp_Z1_ap_ufixed_27_1_ap_q_mode_5_ap_o_mode_3_0_array_V_addr, align 4

ST_15: tmp_6_i (70)  [1/1] 0.00ns  loc: /wrk/2017.2_sdx/nightly/2017_08_23_1972098/src/products/hls/hls_lib/src/hls/hls_exp_.h:81->/wrk/2017.2_sdx/nightly/2017_08_23_1972098/src/products/hls/hls_lib/src/hls/hls_exp_.h:300
_ifconv:66  %tmp_6_i = zext i18 %p_Val2_15 to i19

ST_15: tmp_7_i (71)  [1/1] 0.00ns  loc: /wrk/2017.2_sdx/nightly/2017_08_23_1972098/src/products/hls/hls_lib/src/hls/hls_exp_.h:81->/wrk/2017.2_sdx/nightly/2017_08_23_1972098/src/products/hls/hls_lib/src/hls/hls_exp_.h:300
_ifconv:67  %tmp_7_i = zext i8 %p_Val2_16 to i19

ST_15: p_Val2_4 (72)  [1/1] 1.43ns  loc: /wrk/2017.2_sdx/nightly/2017_08_23_1972098/src/products/hls/hls_lib/src/hls/hls_exp_.h:81->/wrk/2017.2_sdx/nightly/2017_08_23_1972098/src/products/hls/hls_lib/src/hls/hls_exp_.h:300
_ifconv:68  %p_Val2_4 = add i19 %tmp_6_i, %tmp_7_i

ST_15: exp_Z1P_m_1_V (73)  [1/1] 0.00ns  loc: /wrk/2017.2_sdx/nightly/2017_08_23_1972098/src/products/hls/hls_lib/src/hls/hls_exp_.h:81->/wrk/2017.2_sdx/nightly/2017_08_23_1972098/src/products/hls/hls_lib/src/hls/hls_exp_.h:300
_ifconv:69  %exp_Z1P_m_1_V = call i18 @_ssdm_op_PartSelect.i18.i19.i32.i32(i19 %p_Val2_4, i32 1, i32 18)

ST_15: tmp_19 (74)  [1/1] 0.00ns  loc: /wrk/2017.2_sdx/nightly/2017_08_23_1972098/src/products/hls/hls_lib/src/hls/hls_exp_.h:301
_ifconv:70  %tmp_19 = call i18 @_ssdm_op_PartSelect.i18.i27.i32.i32(i27 %p_Val2_17, i32 9, i32 26)


 <State 16>: 2.11ns
ST_16: OP1_V_2 (77)  [1/1] 0.00ns  loc: /wrk/2017.2_sdx/nightly/2017_08_23_1972098/src/products/hls/hls_lib/src/hls/hls_exp_.h:304
_ifconv:73  %OP1_V_2 = zext i18 %tmp_19 to i36

ST_16: OP2_V (78)  [1/1] 0.00ns  loc: /wrk/2017.2_sdx/nightly/2017_08_23_1972098/src/products/hls/hls_lib/src/hls/hls_exp_.h:304
_ifconv:74  %OP2_V = zext i18 %exp_Z1P_m_1_V to i36

ST_16: p_Val2_1 (79)  [3/3] 2.11ns  loc: /wrk/2017.2_sdx/nightly/2017_08_23_1972098/src/products/hls/hls_lib/src/hls/hls_exp_.h:304
_ifconv:75  %p_Val2_1 = mul i36 %OP2_V, %OP1_V_2


 <State 17>: 2.11ns
ST_17: p_Val2_1 (79)  [2/3] 2.11ns  loc: /wrk/2017.2_sdx/nightly/2017_08_23_1972098/src/products/hls/hls_lib/src/hls/hls_exp_.h:304
_ifconv:75  %p_Val2_1 = mul i36 %OP2_V, %OP1_V_2


 <State 18>: 1.47ns
ST_18: tmp_20 (75)  [1/1] 0.00ns  loc: /wrk/2017.2_sdx/nightly/2017_08_23_1972098/src/products/hls/hls_lib/src/hls/hls_exp_.h:304
_ifconv:71  %tmp_20 = zext i27 %p_Val2_17 to i28

ST_18: p_Val2_6 (76)  [1/1] 1.47ns  loc: /wrk/2017.2_sdx/nightly/2017_08_23_1972098/src/products/hls/hls_lib/src/hls/hls_exp_.h:304
_ifconv:72  %p_Val2_6 = add i28 4, %tmp_20

ST_18: p_Val2_1 (79)  [1/3] 0.00ns  loc: /wrk/2017.2_sdx/nightly/2017_08_23_1972098/src/products/hls/hls_lib/src/hls/hls_exp_.h:304
_ifconv:75  %p_Val2_1 = mul i36 %OP2_V, %OP1_V_2


 <State 19>: 2.17ns
ST_19: tmp_21 (80)  [1/1] 0.00ns  loc: /wrk/2017.2_sdx/nightly/2017_08_23_1972098/src/products/hls/hls_lib/src/hls/hls_exp_.h:304
_ifconv:76  %tmp_21 = call i45 @_ssdm_op_BitConcatenate.i45.i28.i17(i28 %p_Val2_6, i17 0)

ST_19: tmp_28_cast (81)  [1/1] 0.00ns  loc: /wrk/2017.2_sdx/nightly/2017_08_23_1972098/src/products/hls/hls_lib/src/hls/hls_exp_.h:304
_ifconv:77  %tmp_28_cast = zext i36 %p_Val2_1 to i45

ST_19: p_Val2_10 (82)  [1/1] 1.58ns  loc: /wrk/2017.2_sdx/nightly/2017_08_23_1972098/src/products/hls/hls_lib/src/hls/hls_exp_.h:304
_ifconv:78  %p_Val2_10 = add i45 %tmp_21, %tmp_28_cast

ST_19: tmp_76 (83)  [1/1] 0.00ns  loc: /wrk/2017.2_sdx/nightly/2017_08_23_1972098/src/products/hls/hls_lib/src/hls/hls_exp_.h:308
_ifconv:79  %tmp_76 = call i1 @_ssdm_op_BitSelect.i1.i45.i32(i45 %p_Val2_10, i32 43)

ST_19: r_exp_V (84)  [1/1] 1.32ns  loc: /wrk/2017.2_sdx/nightly/2017_08_23_1972098/src/products/hls/hls_lib/src/hls/hls_exp_.h:310
_ifconv:80  %r_exp_V = add i10 -1, %r_exp_V_3

ST_19: r_exp_V_2 (85)  [1/1] 0.59ns  loc: /wrk/2017.2_sdx/nightly/2017_08_23_1972098/src/products/hls/hls_lib/src/hls/hls_exp_.h:308
_ifconv:81  %r_exp_V_2 = select i1 %tmp_76, i10 %r_exp_V_3, i10 %r_exp_V

ST_19: tmp_77 (88)  [1/1] 0.00ns  loc: /wrk/2017.2_sdx/nightly/2017_08_23_1972098/src/products/hls/hls_lib/src/hls/hls_exp_.h:314
_ifconv:84  %tmp_77 = call i3 @_ssdm_op_PartSelect.i3.i10.i32.i32(i10 %r_exp_V_2, i32 7, i32 9)

ST_19: tmp_79 (96)  [1/1] 0.00ns  loc: /wrk/2017.2_sdx/nightly/2017_08_23_1972098/src/products/hls/hls_lib/src/hls/hls_exp_.h:341
_ifconv:92  %tmp_79 = trunc i10 %r_exp_V_2 to i8


 <State 20>: 1.88ns
ST_20: not_Result_i4 (15)  [1/1] 0.00ns  loc: /wrk/2017.2_sdx/nightly/2017_08_23_1972098/src/products/hls/hls_lib/src/hls/hls_exp_.h:191 (grouped into LUT with out node sel_tmp2)
_ifconv:11  %not_Result_i4 = xor i1 %p_Result_s, true

ST_20: icmp (89)  [1/1] 0.72ns  loc: /wrk/2017.2_sdx/nightly/2017_08_23_1972098/src/products/hls/hls_lib/src/hls/hls_exp_.h:314
_ifconv:85  %icmp = icmp sgt i3 %tmp_77, 0

ST_20: or_cond (90)  [1/1] 0.40ns  loc: /wrk/2017.2_sdx/nightly/2017_08_23_1972098/src/products/hls/hls_lib/src/hls/hls_exp_.h:314
_ifconv:86  %or_cond = or i1 %tmp_26, %icmp

ST_20: tmp_28 (92)  [1/1] 0.86ns  loc: /wrk/2017.2_sdx/nightly/2017_08_23_1972098/src/products/hls/hls_lib/src/hls/hls_exp_.h:331
_ifconv:88  %tmp_28 = icmp slt i10 %r_exp_V_2, -126

ST_20: tmp_29 (93)  [1/1] 0.00ns  loc: /wrk/2017.2_sdx/nightly/2017_08_23_1972098/src/products/hls/hls_lib/src/hls/hls_exp_.h:340 (grouped into LUT with out node tmp_39)
_ifconv:89  %tmp_29 = call i23 @_ssdm_op_PartSelect.i23.i45.i32.i32(i45 %p_Val2_10, i32 20, i32 42)

ST_20: tmp_30 (94)  [1/1] 0.00ns  loc: /wrk/2017.2_sdx/nightly/2017_08_23_1972098/src/products/hls/hls_lib/src/hls/hls_exp_.h:340 (grouped into LUT with out node tmp_39)
_ifconv:90  %tmp_30 = call i23 @_ssdm_op_PartSelect.i23.i45.i32.i32(i45 %p_Val2_10, i32 19, i32 41)

ST_20: loc_V_2 (95)  [1/1] 0.00ns  loc: /wrk/2017.2_sdx/nightly/2017_08_23_1972098/src/products/hls/hls_lib/src/hls/hls_exp_.h:340 (grouped into LUT with out node tmp_39)
_ifconv:91  %loc_V_2 = select i1 %tmp_76, i23 %tmp_29, i23 %tmp_30

ST_20: out_exp_V (97)  [1/1] 1.28ns  loc: /wrk/2017.2_sdx/nightly/2017_08_23_1972098/src/products/hls/hls_lib/src/hls/hls_exp_.h:341
_ifconv:93  %out_exp_V = add i8 127, %tmp_79

ST_20: p_Result_6 (98)  [1/1] 0.00ns  loc: /wrk/2017.2_sdx/nightly/2017_08_23_1972098/src/products/hls/hls_lib/src/hls/utils/x_hls_utils.h:336->/wrk/2017.2_sdx/nightly/2017_08_23_1972098/src/products/hls/hls_lib/src/hls/utils/x_hls_utils.h:349->/wrk/2017.2_sdx/nightly/2017_08_23_1972098/src/products/hls/hls_lib/src/hls/utils/x_hls_utils.h:370->/wrk/2017.2_sdx/nightly/2017_08_23_1972098/src/products/hls/hls_lib/src/hls/hls_exp_.h:342 (grouped into LUT with out node tmp_39)
_ifconv:94  %p_Result_6 = call i32 @_ssdm_op_BitConcatenate.i32.i1.i8.i23(i1 false, i8 %out_exp_V, i23 %loc_V_2) nounwind

ST_20: sel_tmp1 (99)  [1/1] 0.40ns  loc: /wrk/2017.2_sdx/nightly/2017_08_23_1972098/src/products/hls/hls_lib/src/hls/hls_exp_.h:189
_ifconv:95  %sel_tmp1 = xor i1 %not_demorgan, true

ST_20: tmp (100)  [1/1] 0.00ns  loc: /wrk/2017.2_sdx/nightly/2017_08_23_1972098/src/products/hls/hls_lib/src/hls/hls_exp_.h:191 (grouped into LUT with out node sel_tmp2)
_ifconv:96  %tmp = and i1 %not_Result_i4, %sel_tmp1

ST_20: sel_tmp2 (101)  [1/1] 0.40ns  loc: /wrk/2017.2_sdx/nightly/2017_08_23_1972098/src/products/hls/hls_lib/src/hls/hls_exp_.h:191 (out node of the LUT)
_ifconv:97  %sel_tmp2 = and i1 %tmp, %tmp_4_i_i

ST_20: sel_tmp6 (109)  [1/1] 0.00ns  loc: /wrk/2017.2_sdx/nightly/2017_08_23_1972098/src/products/hls/hls_lib/src/hls/hls_exp_.h:314 (grouped into LUT with out node sel_tmp10)
_ifconv:105  %sel_tmp6 = and i1 %tmp_25, %or_cond

ST_20: sel_tmp8 (110)  [1/1] 0.00ns  loc: /wrk/2017.2_sdx/nightly/2017_08_23_1972098/src/products/hls/hls_lib/src/hls/hls_exp_.h:314 (grouped into LUT with out node sel_tmp10)
_ifconv:106  %sel_tmp8 = xor i1 %tmp_25, true

ST_20: sel_tmp9 (111)  [1/1] 0.00ns  loc: /wrk/2017.2_sdx/nightly/2017_08_23_1972098/src/products/hls/hls_lib/src/hls/hls_exp_.h:314 (grouped into LUT with out node sel_tmp10)
_ifconv:107  %sel_tmp9 = and i1 %icmp, %sel_tmp8

ST_20: sel_tmp10 (112)  [1/1] 0.40ns  loc: /wrk/2017.2_sdx/nightly/2017_08_23_1972098/src/products/hls/hls_lib/src/hls/hls_exp_.h:314 (out node of the LUT)
_ifconv:108  %sel_tmp10 = or i1 %sel_tmp6, %sel_tmp9

ST_20: sel_tmp12 (116)  [1/1] 0.00ns  loc: /wrk/2017.2_sdx/nightly/2017_08_23_1972098/src/products/hls/hls_lib/src/hls/hls_exp_.h:314 (grouped into LUT with out node tmp35)
_ifconv:112  %sel_tmp12 = xor i1 %or_cond, true

ST_20: sel_tmp13 (117)  [1/1] 0.00ns  loc: /wrk/2017.2_sdx/nightly/2017_08_23_1972098/src/products/hls/hls_lib/src/hls/hls_exp_.h:314 (grouped into LUT with out node tmp35)
_ifconv:113  %sel_tmp13 = and i1 %tmp_25, %sel_tmp12

ST_20: sel_tmp44_demorgan (118)  [1/1] 0.00ns  loc: /wrk/2017.2_sdx/nightly/2017_08_23_1972098/src/products/hls/hls_lib/src/hls/hls_exp_.h:314 (grouped into LUT with out node tmp35)
_ifconv:114  %sel_tmp44_demorgan = or i1 %tmp_25, %icmp

ST_20: sel_tmp14 (119)  [1/1] 0.00ns  loc: /wrk/2017.2_sdx/nightly/2017_08_23_1972098/src/products/hls/hls_lib/src/hls/hls_exp_.h:314 (grouped into LUT with out node tmp35)
_ifconv:115  %sel_tmp14 = xor i1 %sel_tmp44_demorgan, true

ST_20: sel_tmp15 (120)  [1/1] 0.00ns  loc: /wrk/2017.2_sdx/nightly/2017_08_23_1972098/src/products/hls/hls_lib/src/hls/hls_exp_.h:314 (grouped into LUT with out node tmp35)
_ifconv:116  %sel_tmp15 = or i1 %sel_tmp13, %sel_tmp14

ST_20: tmp35 (121)  [1/1] 0.40ns  loc: /wrk/2017.2_sdx/nightly/2017_08_23_1972098/src/products/hls/hls_lib/src/hls/hls_exp_.h:331 (out node of the LUT)
_ifconv:117  %tmp35 = and i1 %tmp_28, %sel_tmp15

ST_20: tmp_36 (122)  [1/1] 0.00ns  loc: /wrk/2017.2_sdx/nightly/2017_08_23_1972098/src/products/hls/hls_lib/src/hls/utils/x_hls_utils.h:349->/wrk/2017.2_sdx/nightly/2017_08_23_1972098/src/products/hls/hls_lib/src/hls/utils/x_hls_utils.h:370->/wrk/2017.2_sdx/nightly/2017_08_23_1972098/src/products/hls/hls_lib/src/hls/hls_exp_.h:342 (grouped into LUT with out node tmp_39)
_ifconv:118  %tmp_36 = bitcast i32 %p_Result_6 to float

ST_20: tmp_37 (123)  [1/1] 0.00ns  loc: /wrk/2017.2_sdx/nightly/2017_08_23_1972098/src/products/hls/hls_lib/src/hls/utils/x_hls_utils.h:349->/wrk/2017.2_sdx/nightly/2017_08_23_1972098/src/products/hls/hls_lib/src/hls/utils/x_hls_utils.h:370->/wrk/2017.2_sdx/nightly/2017_08_23_1972098/src/products/hls/hls_lib/src/hls/hls_exp_.h:342 (grouped into LUT with out node tmp_39)
_ifconv:119  %tmp_37 = select i1 %sel_tmp2, float 0x7FF0000000000000, float 0x7FFFFFFFE0000000

ST_20: tmp_38 (124)  [1/1] 0.00ns  loc: /wrk/2017.2_sdx/nightly/2017_08_23_1972098/src/products/hls/hls_lib/src/hls/utils/x_hls_utils.h:349->/wrk/2017.2_sdx/nightly/2017_08_23_1972098/src/products/hls/hls_lib/src/hls/utils/x_hls_utils.h:370->/wrk/2017.2_sdx/nightly/2017_08_23_1972098/src/products/hls/hls_lib/src/hls/hls_exp_.h:342 (grouped into LUT with out node tmp_39)
_ifconv:120  %tmp_38 = or i1 %sel_tmp2, %not_demorgan

ST_20: tmp_39 (125)  [1/1] 0.59ns  loc: /wrk/2017.2_sdx/nightly/2017_08_23_1972098/src/products/hls/hls_lib/src/hls/utils/x_hls_utils.h:349->/wrk/2017.2_sdx/nightly/2017_08_23_1972098/src/products/hls/hls_lib/src/hls/utils/x_hls_utils.h:370->/wrk/2017.2_sdx/nightly/2017_08_23_1972098/src/products/hls/hls_lib/src/hls/hls_exp_.h:342 (out node of the LUT)
_ifconv:121  %tmp_39 = select i1 %tmp_38, float %tmp_37, float %tmp_36


 <State 21>: 2.37ns
ST_21: StgValue_142 (5)  [1/1] 0.00ns  loc: /wrk/2017.2_sdx/nightly/2017_08_23_1972098/src/products/hls/hls_lib/src/hls/hls_exp_.h:167
_ifconv:1  call void (...)* @_ssdm_op_SpecPipeline(i32 -1, i32 1, i32 1, i32 0, [1 x i8]* @p_str10436) nounwind

ST_21: x_is_ninf (16)  [1/1] 0.40ns  loc: /wrk/2017.2_sdx/nightly/2017_08_23_1972098/src/products/hls/hls_lib/src/hls/hls_exp_.h:192
_ifconv:12  %x_is_ninf = and i1 %tmp_4_i_i, %p_Result_s

ST_21: sel_tmp7 (102)  [1/1] 0.00ns  loc: /wrk/2017.2_sdx/nightly/2017_08_23_1972098/src/products/hls/hls_lib/src/hls/hls_exp_.h:192 (grouped into LUT with out node tmp_42)
_ifconv:98  %sel_tmp7 = and i1 %x_is_ninf, %sel_tmp1

ST_21: tmp_4_i_i_not (103)  [1/1] 0.00ns  loc: /wrk/2017.2_sdx/nightly/2017_08_23_1972098/src/products/hls/hls_lib/src/hls/hls_exp_.h:191 (grouped into LUT with out node sel_tmp4)
_ifconv:99  %tmp_4_i_i_not = xor i1 %tmp_4_i_i, true

ST_21: sel_tmp (104)  [1/1] 0.00ns  loc: /wrk/2017.2_sdx/nightly/2017_08_23_1972098/src/products/hls/hls_lib/src/hls/hls_exp_.h:191 (grouped into LUT with out node sel_tmp4)
_ifconv:100  %sel_tmp = or i1 %p_Result_s, %tmp_4_i_i_not

ST_21: sel_tmp3 (105)  [1/1] 0.00ns  loc: /wrk/2017.2_sdx/nightly/2017_08_23_1972098/src/products/hls/hls_lib/src/hls/hls_exp_.h:192 (grouped into LUT with out node sel_tmp4)
_ifconv:101  %sel_tmp3 = xor i1 %x_is_ninf, true

ST_21: tmp32 (106)  [1/1] 0.00ns  loc: /wrk/2017.2_sdx/nightly/2017_08_23_1972098/src/products/hls/hls_lib/src/hls/hls_exp_.h:189 (grouped into LUT with out node sel_tmp4)
_ifconv:102  %tmp32 = and i1 %sel_tmp1, %sel_tmp3

ST_21: sel_tmp4 (107)  [1/1] 0.40ns  loc: /wrk/2017.2_sdx/nightly/2017_08_23_1972098/src/products/hls/hls_lib/src/hls/hls_exp_.h:189 (out node of the LUT)
_ifconv:103  %sel_tmp4 = and i1 %tmp32, %sel_tmp

ST_21: sel_tmp5 (108)  [1/1] 0.00ns  loc: /wrk/2017.2_sdx/nightly/2017_08_23_1972098/src/products/hls/hls_lib/src/hls/hls_exp_.h:315 (grouped into LUT with out node sel_tmp11)
_ifconv:104  %sel_tmp5 = xor i1 %tmp_78, true

ST_21: tmp33 (113)  [1/1] 0.00ns  loc: /wrk/2017.2_sdx/nightly/2017_08_23_1972098/src/products/hls/hls_lib/src/hls/hls_exp_.h:314 (grouped into LUT with out node sel_tmp11)
_ifconv:109  %tmp33 = and i1 %sel_tmp10, %sel_tmp5

ST_21: sel_tmp11 (114)  [1/1] 0.40ns  loc: /wrk/2017.2_sdx/nightly/2017_08_23_1972098/src/products/hls/hls_lib/src/hls/hls_exp_.h:314 (out node of the LUT)
_ifconv:110  %sel_tmp11 = and i1 %tmp33, %sel_tmp4

ST_21: tmp34 (115)  [1/1] 0.00ns  loc: /wrk/2017.2_sdx/nightly/2017_08_23_1972098/src/products/hls/hls_lib/src/hls/hls_exp_.h:315 (grouped into LUT with out node p_1)
_ifconv:111  %tmp34 = and i1 %tmp_78, %sel_tmp10

ST_21: tmp_40 (126)  [1/1] 0.00ns  loc: /wrk/2017.2_sdx/nightly/2017_08_23_1972098/src/products/hls/hls_lib/src/hls/utils/x_hls_utils.h:349->/wrk/2017.2_sdx/nightly/2017_08_23_1972098/src/products/hls/hls_lib/src/hls/utils/x_hls_utils.h:370->/wrk/2017.2_sdx/nightly/2017_08_23_1972098/src/products/hls/hls_lib/src/hls/hls_exp_.h:342 (grouped into LUT with out node tmp_42)
_ifconv:122  %tmp_40 = select i1 %sel_tmp11, float 0x7FF0000000000000, float 0.000000e+00

ST_21: tmp_41 (127)  [1/1] 0.00ns  loc: /wrk/2017.2_sdx/nightly/2017_08_23_1972098/src/products/hls/hls_lib/src/hls/utils/x_hls_utils.h:349->/wrk/2017.2_sdx/nightly/2017_08_23_1972098/src/products/hls/hls_lib/src/hls/utils/x_hls_utils.h:370->/wrk/2017.2_sdx/nightly/2017_08_23_1972098/src/products/hls/hls_lib/src/hls/hls_exp_.h:342 (grouped into LUT with out node tmp_42)
_ifconv:123  %tmp_41 = or i1 %sel_tmp11, %sel_tmp7

ST_21: tmp_42 (128)  [1/1] 0.59ns  loc: /wrk/2017.2_sdx/nightly/2017_08_23_1972098/src/products/hls/hls_lib/src/hls/utils/x_hls_utils.h:349->/wrk/2017.2_sdx/nightly/2017_08_23_1972098/src/products/hls/hls_lib/src/hls/utils/x_hls_utils.h:370->/wrk/2017.2_sdx/nightly/2017_08_23_1972098/src/products/hls/hls_lib/src/hls/hls_exp_.h:342 (out node of the LUT)
_ifconv:124  %tmp_42 = select i1 %tmp_41, float %tmp_40, float %tmp_39

ST_21: sel_tmp16 (129)  [1/1] 0.00ns  loc: /wrk/2017.2_sdx/nightly/2017_08_23_1972098/src/products/hls/hls_lib/src/hls/utils/x_hls_utils.h:349->/wrk/2017.2_sdx/nightly/2017_08_23_1972098/src/products/hls/hls_lib/src/hls/utils/x_hls_utils.h:370->/wrk/2017.2_sdx/nightly/2017_08_23_1972098/src/products/hls/hls_lib/src/hls/hls_exp_.h:342 (grouped into LUT with out node p_1)
_ifconv:125  %sel_tmp16 = or i1 %tmp35, %tmp34

ST_21: tmp_43 (130)  [1/1] 0.00ns  loc: /wrk/2017.2_sdx/nightly/2017_08_23_1972098/src/products/hls/hls_lib/src/hls/utils/x_hls_utils.h:349->/wrk/2017.2_sdx/nightly/2017_08_23_1972098/src/products/hls/hls_lib/src/hls/utils/x_hls_utils.h:370->/wrk/2017.2_sdx/nightly/2017_08_23_1972098/src/products/hls/hls_lib/src/hls/hls_exp_.h:342 (grouped into LUT with out node p_1)
_ifconv:126  %tmp_43 = and i1 %sel_tmp16, %sel_tmp4

ST_21: p_1 (131)  [1/1] 0.59ns  loc: /wrk/2017.2_sdx/nightly/2017_08_23_1972098/src/products/hls/hls_lib/src/hls/utils/x_hls_utils.h:349->/wrk/2017.2_sdx/nightly/2017_08_23_1972098/src/products/hls/hls_lib/src/hls/utils/x_hls_utils.h:370->/wrk/2017.2_sdx/nightly/2017_08_23_1972098/src/products/hls/hls_lib/src/hls/hls_exp_.h:342 (out node of the LUT)
_ifconv:127  %p_1 = select i1 %tmp_43, float 0.000000e+00, float %tmp_42

ST_21: StgValue_160 (132)  [1/1] 0.00ns  loc: /wrk/2017.2_sdx/nightly/2017_08_23_1972098/src/products/hls/hls_lib/src/hls/hls_exp_.h:344
_ifconv:128  ret float %p_1



============================================================
+ Verbose Summary: Timing violations
============================================================
Target clock period: 3.33ns, clock uncertainty: 0.9ns.

 <State 1>: 2.11ns
The critical path consists of the following:
	wire read on port 'x' [4]  (0 ns)
	'add' operation ('m_exp', /wrk/2017.2_sdx/nightly/2017_08_23_1972098/src/products/hls/hls_lib/src/hls/utils/x_hls_utils.h:340->/wrk/2017.2_sdx/nightly/2017_08_23_1972098/src/products/hls/hls_lib/src/hls/hls_exp_.h:217) [18]  (1.28 ns)
	'icmp' operation ('tmp_25', /wrk/2017.2_sdx/nightly/2017_08_23_1972098/src/products/hls/hls_lib/src/hls/hls_exp_.h:314) [86]  (0.821 ns)

 <State 2>: 1.55ns
The critical path consists of the following:
	'ashr' operation ('tmp_5', /wrk/2017.2_sdx/nightly/2017_08_23_1972098/src/products/hls/hls_lib/src/hls/hls_exp_.h:238) [31]  (0 ns)
	'select' operation ('__Val2__', /wrk/2017.2_sdx/nightly/2017_08_23_1972098/src/products/hls/hls_lib/src/hls/hls_exp_.h:238) [34]  (1.55 ns)

 <State 3>: 2.11ns
The critical path consists of the following:
	'mul' operation ('__Val2__', /wrk/2017.2_sdx/nightly/2017_08_23_1972098/src/products/hls/hls_lib/src/hls/hls_exp_.h:252) [41]  (2.11 ns)

 <State 4>: 2.64ns
The critical path consists of the following:
	'mul' operation ('__Val2__', /wrk/2017.2_sdx/nightly/2017_08_23_1972098/src/products/hls/hls_lib/src/hls/hls_exp_.h:252) [41]  (0 ns)
	'add' operation ('r.V', /wrk/2017.2_sdx/nightly/2017_08_23_1972098/src/products/hls/hls_lib/src/hls/hls_exp_.h:252) [44]  (2.64 ns)

 <State 5>: 1.91ns
The critical path consists of the following:
	'add' operation ('ret_V_2', /wrk/2017.2_sdx/nightly/2017_08_23_1972098/src/products/hls/hls_lib/src/hls/hls_exp_.h:252) [49]  (1.32 ns)
	'select' operation ('p_s', /wrk/2017.2_sdx/nightly/2017_08_23_1972098/src/products/hls/hls_lib/src/hls/hls_exp_.h:252) [50]  (0 ns)
	'select' operation ('r_exp.V', /wrk/2017.2_sdx/nightly/2017_08_23_1972098/src/products/hls/hls_lib/src/hls/hls_exp_.h:252) [51]  (0.59 ns)

 <State 6>: 2.27ns
The critical path consists of the following:
	'mul' operation ('__Val2__', /wrk/2017.2_sdx/nightly/2017_08_23_1972098/src/products/hls/hls_lib/src/hls/hls_exp_.h:258) [53]  (2.27 ns)

 <State 7>: 2.27ns
The critical path consists of the following:
	'mul' operation ('__Val2__', /wrk/2017.2_sdx/nightly/2017_08_23_1972098/src/products/hls/hls_lib/src/hls/hls_exp_.h:258) [53]  (2.27 ns)

 <State 8>: 2.27ns
The critical path consists of the following:
	'mul' operation ('__Val2__', /wrk/2017.2_sdx/nightly/2017_08_23_1972098/src/products/hls/hls_lib/src/hls/hls_exp_.h:258) [53]  (2.27 ns)

 <State 9>: 2.27ns
The critical path consists of the following:
	'mul' operation ('__Val2__', /wrk/2017.2_sdx/nightly/2017_08_23_1972098/src/products/hls/hls_lib/src/hls/hls_exp_.h:258) [53]  (2.27 ns)

 <State 10>: 2.27ns
The critical path consists of the following:
	'mul' operation ('__Val2__', /wrk/2017.2_sdx/nightly/2017_08_23_1972098/src/products/hls/hls_lib/src/hls/hls_exp_.h:258) [53]  (2.27 ns)

 <State 11>: 2.27ns
The critical path consists of the following:
	'mul' operation ('__Val2__', /wrk/2017.2_sdx/nightly/2017_08_23_1972098/src/products/hls/hls_lib/src/hls/hls_exp_.h:258) [53]  (2.27 ns)

 <State 12>: 1.53ns
The critical path consists of the following:
	'sub' operation ('__Val2__', /wrk/2017.2_sdx/nightly/2017_08_23_1972098/src/products/hls/hls_lib/src/hls/hls_exp_.h:262) [60]  (1.53 ns)

 <State 13>: 1.77ns
The critical path consists of the following:
	'getelementptr' operation ('hls_exp_reduce_anonymous_namespace_table_f_Z2_ap_ufixed_27_0_ap_q_mode_5_ap_o_mode_3_0_array_V_addr', /wrk/2017.2_sdx/nightly/2017_08_23_1972098/src/products/hls/hls_lib/src/hls/hls_exp_.h:80->/wrk/2017.2_sdx/nightly/2017_08_23_1972098/src/products/hls/hls_lib/src/hls/hls_exp_.h:300) [68]  (0 ns)
	'load' operation ('__Val2__', /wrk/2017.2_sdx/nightly/2017_08_23_1972098/src/products/hls/hls_lib/src/hls/hls_exp_.h:80->/wrk/2017.2_sdx/nightly/2017_08_23_1972098/src/products/hls/hls_lib/src/hls/hls_exp_.h:300) on array 'hls_exp_reduce_anonymous_namespace_table_f_Z2_ap_ufixed_27_0_ap_q_mode_5_ap_o_mode_3_0_array_V' [69]  (1.77 ns)

 <State 14>: 1.77ns
The critical path consists of the following:
	'getelementptr' operation ('hls_exp_reduce_anonymous_namespace_table_exp_Z1_ap_ufixed_27_1_ap_q_mode_5_ap_o_mode_3_0_array_V_addr', /wrk/2017.2_sdx/nightly/2017_08_23_1972098/src/products/hls/hls_lib/src/hls/hls_exp_.h:299) [64]  (0 ns)
	'load' operation ('__Val2__', /wrk/2017.2_sdx/nightly/2017_08_23_1972098/src/products/hls/hls_lib/src/hls/hls_exp_.h:299) on array 'hls_exp_reduce_anonymous_namespace_table_exp_Z1_ap_ufixed_27_1_ap_q_mode_5_ap_o_mode_3_0_array_V' [65]  (1.77 ns)

 <State 15>: 1.77ns
The critical path consists of the following:
	'load' operation ('__Val2__', /wrk/2017.2_sdx/nightly/2017_08_23_1972098/src/products/hls/hls_lib/src/hls/hls_exp_.h:299) on array 'hls_exp_reduce_anonymous_namespace_table_exp_Z1_ap_ufixed_27_1_ap_q_mode_5_ap_o_mode_3_0_array_V' [65]  (1.77 ns)

 <State 16>: 2.11ns
The critical path consists of the following:
	'mul' operation ('__Val2__', /wrk/2017.2_sdx/nightly/2017_08_23_1972098/src/products/hls/hls_lib/src/hls/hls_exp_.h:304) [79]  (2.11 ns)

 <State 17>: 2.11ns
The critical path consists of the following:
	'mul' operation ('__Val2__', /wrk/2017.2_sdx/nightly/2017_08_23_1972098/src/products/hls/hls_lib/src/hls/hls_exp_.h:304) [79]  (2.11 ns)

 <State 18>: 1.47ns
The critical path consists of the following:
	'add' operation ('__Val2__', /wrk/2017.2_sdx/nightly/2017_08_23_1972098/src/products/hls/hls_lib/src/hls/hls_exp_.h:304) [76]  (1.47 ns)

 <State 19>: 2.17ns
The critical path consists of the following:
	'add' operation ('__Val2__', /wrk/2017.2_sdx/nightly/2017_08_23_1972098/src/products/hls/hls_lib/src/hls/hls_exp_.h:304) [82]  (1.58 ns)
	'select' operation ('r_exp.V', /wrk/2017.2_sdx/nightly/2017_08_23_1972098/src/products/hls/hls_lib/src/hls/hls_exp_.h:308) [85]  (0.59 ns)

 <State 20>: 1.88ns
The critical path consists of the following:
	'add' operation ('out.exp.V', /wrk/2017.2_sdx/nightly/2017_08_23_1972098/src/products/hls/hls_lib/src/hls/hls_exp_.h:341) [97]  (1.28 ns)
	'select' operation ('tmp_39', /wrk/2017.2_sdx/nightly/2017_08_23_1972098/src/products/hls/hls_lib/src/hls/utils/x_hls_utils.h:349->/wrk/2017.2_sdx/nightly/2017_08_23_1972098/src/products/hls/hls_lib/src/hls/utils/x_hls_utils.h:370->/wrk/2017.2_sdx/nightly/2017_08_23_1972098/src/products/hls/hls_lib/src/hls/hls_exp_.h:342) [125]  (0.59 ns)

 <State 21>: 2.37ns
The critical path consists of the following:
	'and' operation ('x_is_ninf', /wrk/2017.2_sdx/nightly/2017_08_23_1972098/src/products/hls/hls_lib/src/hls/hls_exp_.h:192) [16]  (0.398 ns)
	'xor' operation ('sel_tmp3', /wrk/2017.2_sdx/nightly/2017_08_23_1972098/src/products/hls/hls_lib/src/hls/hls_exp_.h:192) [105]  (0 ns)
	'and' operation ('tmp32', /wrk/2017.2_sdx/nightly/2017_08_23_1972098/src/products/hls/hls_lib/src/hls/hls_exp_.h:189) [106]  (0 ns)
	'and' operation ('sel_tmp4', /wrk/2017.2_sdx/nightly/2017_08_23_1972098/src/products/hls/hls_lib/src/hls/hls_exp_.h:189) [107]  (0.398 ns)
	'and' operation ('sel_tmp11', /wrk/2017.2_sdx/nightly/2017_08_23_1972098/src/products/hls/hls_lib/src/hls/hls_exp_.h:314) [114]  (0.398 ns)
	'select' operation ('tmp_40', /wrk/2017.2_sdx/nightly/2017_08_23_1972098/src/products/hls/hls_lib/src/hls/utils/x_hls_utils.h:349->/wrk/2017.2_sdx/nightly/2017_08_23_1972098/src/products/hls/hls_lib/src/hls/utils/x_hls_utils.h:370->/wrk/2017.2_sdx/nightly/2017_08_23_1972098/src/products/hls/hls_lib/src/hls/hls_exp_.h:342) [126]  (0 ns)
	'select' operation ('tmp_42', /wrk/2017.2_sdx/nightly/2017_08_23_1972098/src/products/hls/hls_lib/src/hls/utils/x_hls_utils.h:349->/wrk/2017.2_sdx/nightly/2017_08_23_1972098/src/products/hls/hls_lib/src/hls/utils/x_hls_utils.h:370->/wrk/2017.2_sdx/nightly/2017_08_23_1972098/src/products/hls/hls_lib/src/hls/hls_exp_.h:342) [128]  (0.59 ns)
	'select' operation ('p_1', /wrk/2017.2_sdx/nightly/2017_08_23_1972098/src/products/hls/hls_lib/src/hls/utils/x_hls_utils.h:349->/wrk/2017.2_sdx/nightly/2017_08_23_1972098/src/products/hls/hls_lib/src/hls/utils/x_hls_utils.h:370->/wrk/2017.2_sdx/nightly/2017_08_23_1972098/src/products/hls/hls_lib/src/hls/hls_exp_.h:342) [131]  (0.59 ns)


============================================================
+ Verbose Summary: Binding
============================================================
N/A
* FSMD analyzer results:
  - Output states:
 - Input state : 
  - Chain level:
	State 1
	State 2
	State 3
	State 4
	State 5
	State 6
	State 7
	State 8
	State 9
	State 10
	State 11
	State 12
	State 13
	State 14
	State 15
	State 16
	State 17
	State 18
	State 19
	State 20
	State 21


============================================================
+ Verbose Summary: Datapath Resource usage 
============================================================
N/A
