# 
# Steps log generated by SDx
# This log file contains a collection of steps that describe the kernel compilation flow
# Note: Some steps are tagged as internal, these steps are for debugging purposes and 
#       are not expected to be able to run independently.
# 

# The following environment variables are set when running xocc
Environment variables :
------------------------------------------
XDG_SESSION_ID=543
HOSTNAME=nodars060135.te-fw.noda.tus.ac.jp
XILINX_DSP=
TERM=screen-256color
SHELL=/bin/bash
HISTSIZE=1000
MAKEFLAGS=TARGETS=sw_emu
SSH_CLIENT=10.66.60.82 34936 22
MYVIVADO=
HDI_PROCESSOR=x86_64
SYNTH_COMMON=/home/opt/Xilinx/SDx/2017.2/scripts/rt/data
SSH_TTY=/dev/pts/4
RT_TCL_PATH=/home/opt/Xilinx/SDx/2017.2/scripts/rt/base_tcl/tcl
RDI_PREPEND_PATH=/home/opt/Xilinx/SDx/2017.2/SDK/bin
RDI_OPT_EXT=.o
USER=h-ninomiya
MAKEOVERRIDES=${-*-command-variables-*-}
XCL_EMULATION_MODE=sw_emu
LD_LIBRARY_PATH=/home/opt/Xilinx/SDx/2017.2/lib/lnx64.o:/home/opt/Xilinx/SDx/2017.2/tps/lnx64/jre/lib/amd64:/home/opt/Xilinx/SDx/2017.2/tps/lnx64/jre/lib/amd64/server:/home/opt/Xilinx/SDx/2017.2/lib/lnx64.o:/home/opt/Xilinx/SDx/2017.2/runtime/lib/x86_64:/home/opt/Xilinx/SDx/2017.2/lib/lnx64.o:/home/opt/Xilinx/SDx/2017.2/bin/../lnx64/tools/dot/lib
LS_COLORS=rs=0:di=38;5;27:ln=38;5;51:mh=44;38;5;15:pi=40;38;5;11:so=38;5;13:do=38;5;5:bd=48;5;232;38;5;11:cd=48;5;232;38;5;3:or=48;5;232;38;5;9:mi=05;48;5;232;38;5;15:su=48;5;196;38;5;15:sg=48;5;11;38;5;16:ca=48;5;196;38;5;226:tw=48;5;10;38;5;16:ow=48;5;10;38;5;21:st=48;5;21;38;5;15:ex=38;5;34:*.tar=38;5;9:*.tgz=38;5;9:*.arc=38;5;9:*.arj=38;5;9:*.taz=38;5;9:*.lha=38;5;9:*.lz4=38;5;9:*.lzh=38;5;9:*.lzma=38;5;9:*.tlz=38;5;9:*.txz=38;5;9:*.tzo=38;5;9:*.t7z=38;5;9:*.zip=38;5;9:*.z=38;5;9:*.Z=38;5;9:*.dz=38;5;9:*.gz=38;5;9:*.lrz=38;5;9:*.lz=38;5;9:*.lzo=38;5;9:*.xz=38;5;9:*.bz2=38;5;9:*.bz=38;5;9:*.tbz=38;5;9:*.tbz2=38;5;9:*.tz=38;5;9:*.deb=38;5;9:*.rpm=38;5;9:*.jar=38;5;9:*.war=38;5;9:*.ear=38;5;9:*.sar=38;5;9:*.rar=38;5;9:*.alz=38;5;9:*.ace=38;5;9:*.zoo=38;5;9:*.cpio=38;5;9:*.7z=38;5;9:*.rz=38;5;9:*.cab=38;5;9:*.jpg=38;5;13:*.jpeg=38;5;13:*.gif=38;5;13:*.bmp=38;5;13:*.pbm=38;5;13:*.pgm=38;5;13:*.ppm=38;5;13:*.tga=38;5;13:*.xbm=38;5;13:*.xpm=38;5;13:*.tif=38;5;13:*.tiff=38;5;13:*.png=38;5;13:*.svg=38;5;13:*.svgz=38;5;13:*.mng=38;5;13:*.pcx=38;5;13:*.mov=38;5;13:*.mpg=38;5;13:*.mpeg=38;5;13:*.m2v=38;5;13:*.mkv=38;5;13:*.webm=38;5;13:*.ogm=38;5;13:*.mp4=38;5;13:*.m4v=38;5;13:*.mp4v=38;5;13:*.vob=38;5;13:*.qt=38;5;13:*.nuv=38;5;13:*.wmv=38;5;13:*.asf=38;5;13:*.rm=38;5;13:*.rmvb=38;5;13:*.flc=38;5;13:*.avi=38;5;13:*.fli=38;5;13:*.flv=38;5;13:*.gl=38;5;13:*.dl=38;5;13:*.xcf=38;5;13:*.xwd=38;5;13:*.yuv=38;5;13:*.cgm=38;5;13:*.emf=38;5;13:*.axv=38;5;13:*.anx=38;5;13:*.ogv=38;5;13:*.ogx=38;5;13:*.aac=38;5;45:*.au=38;5;45:*.flac=38;5;45:*.mid=38;5;45:*.midi=38;5;45:*.mka=38;5;45:*.mp3=38;5;45:*.mpc=38;5;45:*.ogg=38;5;45:*.ra=38;5;45:*.wav=38;5;45:*.axa=38;5;45:*.oga=38;5;45:*.spx=38;5;45:*.xspf=38;5;45:
RDI_PATCHROOT=
TCL_LIBRARY=/home/opt/Xilinx/SDx/2017.2/tps/tcl/tcl8.5
RDI_PLATFORM=lnx64
MAKELEVEL=1
RDI_BUILD=yes
MFLAGS=
TARGETS=sw_emu
RT_LIBPATH=/home/opt/Xilinx/SDx/2017.2/scripts/rt/data
RDI_LIBDIR=/home/opt/Xilinx/SDx/2017.2/lib/lnx64.o
MAIL=/var/spool/mail/h-ninomiya
PATH=/home/opt/Xilinx/SDx/2017.2/bin/../gnu/binutils/bin:/home/opt/Xilinx/SDx/2017.2/SDK/gnu/aarch64/lin/aarch64-linux/bin:/home/opt/Xilinx/SDx/2017.2/bin/../gnu/ppc64le/4.9.3/lnx64/bin:/home/opt/Xilinx/SDx/2017.2/SDK/gnu/aarch32/lin/gcc-arm-linux-gnueabi/bin:/home/opt/Xilinx/SDx/2017.2/Vivado_HLS/lnx64/tools/gcc/bin:/home/opt/Xilinx/SDx/2017.2/bin:/home/opt/Xilinx/SDx/2017.2/tps/lnx64/jre/bin:/home/opt/Xilinx/SDx/2017.2/SDK/bin:/home/opt/Xilinx/SDx/2017.2/Vivado/bin:/home/opt/Xilinx/SDx/2017.2/Vivado_HLS/bin:/home/opt/Xilinx/SDx/2017.2/SDK/gnu/microblaze/lin/bin:/home/opt/Xilinx/SDx/2017.2/SDK/gnu/arm/lin/bin:/home/opt/Xilinx/SDx/2017.2/SDK/gnu/microblaze/linux_toolchain/lin64_be/bin:/home/opt/Xilinx/SDx/2017.2/SDK/gnu/microblaze/linux_toolchain/lin64_le/bin:/home/opt/Xilinx/SDx/2017.2/SDK/gnu/aarch32/lin/gcc-arm-linux-gnueabi/bin:/home/opt/Xilinx/SDx/2017.2/SDK/gnu/aarch32/lin/gcc-arm-none-eabi/bin:/home/opt/Xilinx/SDx/2017.2/SDK/gnu/aarch64/lin/aarch64-linux/bin:/home/opt/Xilinx/SDx/2017.2/SDK/gnu/aarch64/lin/aarch64-none/bin:/home/opt/Xilinx/SDx/2017.2/SDK/gnu/armr5/lin/gcc-arm-none-eabi/bin:/home/opt/Xilinx/SDx/2017.2/SDK/tps/lnx64/cmake-3.3.2/bin:/home/opt/Xilinx/SDx/2017.2/lnx64/tools/gdb/gdb-7.9.1/bin:/home/opt/Xilinx/SDx/2017.2/Vivado_HLS/lnx64/tools/bin:/home/opt/Xilinx/SDx/2017.2/Vivado_HLS/lnx64/tools/gcc/bin:/home/opt/Xilinx/DocNav:/usr/local/bin:/usr/bin:/usr/local/sbin:/usr/sbin:/home/h-ninomiya/.local/bin:/home/h-ninomiya/bin
PWD=/home/h-ninomiya/SDAccel_Examples/vision/forward_aligned
XIL_CHECK_TCL_DEBUG=False
LANG=ja_JP.UTF-8
XILINX_VIVADO_HLS=/home/opt/Xilinx/SDx/2017.2/Vivado_HLS
HDI_APPROOT=/home/opt/Xilinx/SDx/2017.2
XILINX_VIVADO=/home/opt/Xilinx/SDx/2017.2/Vivado
HISTCONTROL=ignoredups
XILINX_SDK=/home/opt/Xilinx/SDx/2017.2/SDK
XILINX_OPENCL=/home/opt/Xilinx/SDx/2017.2
ISL_IOSTREAMS_RSA=/home/opt/Xilinx/SDx/2017.2/tps/isl
SHLVL=5
HOME=/home/h-ninomiya
RDI_BASEROOT=/home/opt/Xilinx/SDx
RDI_APPROOT=/home/opt/Xilinx/SDx/2017.2
LOGNAME=h-ninomiya
RDI_JAVA_PLATFORM=amd64
SSH_CONNECTION=10.66.60.82 34936 10.66.60.135 22
XDG_DATA_DIRS=/home/h-ninomiya/.local/share/flatpak/exports/share/:/var/lib/flatpak/exports/share/:/usr/local/share/:/usr/share/
XCL_EMULATIONE_MODE=hw_emu
RDI_BINROOT=/home/opt/Xilinx/SDx/2017.2/bin
LESSOPEN=||/usr/bin/lesspipe.sh %s
XILINX_SDX=/home/opt/Xilinx/SDx/2017.2
RDI_PROG=/home/opt/Xilinx/SDx/2017.2/bin/unwrapped/lnx64.o/xocc
XDG_RUNTIME_DIR=/run/user/1001
XIL_NO_OVERRIDE=0
XIL_SUPPRESS_OVERRIDE_WARNINGS=1
XILINX_PLANAHEAD=/home/opt/Xilinx/SDx/2017.2
HDIPRELDPATH=/home/opt/Xilinx/SDx/2017.2/lib/lnx64.o:/home/opt/Xilinx/SDx/2017.2/runtime/lib/x86_64:/home/opt/Xilinx/SDx/2017.2/lib/lnx64.o:/home/opt/Xilinx/SDx/2017.2/bin/../lnx64/tools/dot/lib
RDI_DATADIR=/home/opt/Xilinx/SDx/2017.2/data
_=/home/opt/Xilinx/SDx/2017.2/bin/unwrapped/lnx64.o/xocc


XOCC command line :
------------------------------------------
/home/opt/Xilinx/SDx/2017.2/bin/unwrapped/lnx64.o/xocc -c --xp param:compiler.preserveHlsOutput=1 --xp param:compiler.generateExtraRunData=true -s --kernel forward_kernel -I./src/ -o xclbin/krnl_forward.sw_emu.xilinx_kcu1500_4ddr-xpr_4_0.xo -t sw_emu --platform xilinx:kcu1500:4ddr-xpr:4.0 ./src/krnl_forward.cl --report estimate 
  Options from -O      : --xp param:compiler.enableRunInBitstreamGeneration=1 --xp "vivado_prop:run.__KERNEL__.{STEPS.SYNTH_DESIGN.ARGS.MORE OPTIONS}={-directive sdx_optimization_effort_high}" 
  Options from xocc.ini: 
  Options from DSA     : 

Target platform : /home/opt/Xilinx/SDx/2017.2/platforms/xilinx_kcu1500_4ddr-xpr_4_0/xilinx_kcu1500_4ddr-xpr_4_0.xpfm


------------------------------------------
internal step: running clang to generate .clc.00.bc
timestamp: 27 Nov 2017 20:24:36
launch dir: /home/h-ninomiya/SDAccel_Examples/vision/forward_aligned/_xocc_compile_krnl_forward_krnl_forward.sw_emu.xilinx_kcu1500_4ddr-xpr_4_0.dir/impl/kernels/forward_kernel/forward_kernel
cmd: /home/opt/Xilinx/SDx/2017.2/Vivado_HLS/lnx64/tools/clang/bin/clang -gcc-toolchain /home/opt/Xilinx/SDx/2017.2/Vivado_HLS/lnx64/tools/gcc/bin/gcc -hls -fno-exceptions -D__llvm__ -w /home/h-ninomiya/SDAccel_Examples/vision/forward_aligned/src/krnl_forward.cl -D __asm__(...)= -fno-math-errno -c -emit-llvm -O0 -mllvm -disable-llvm-optzns -include /home/opt/Xilinx/SDx/2017.2/Vivado_HLS/bin/../include/clc.h -include /home/opt/Xilinx/SDx/2017.2/Vivado_HLS/bin/../include/etc/autopilot_ssdm_op.h -std=CL1.2 -D__openclc -target spir64-unknown-linux-gnu  -I /home/h-ninomiya/SDAccel_Examples/vision/forward_aligned/src -g -o /home/h-ninomiya/SDAccel_Examples/vision/forward_aligned/_xocc_compile_krnl_forward_krnl_forward.sw_emu.xilinx_kcu1500_4ddr-xpr_4_0.dir/impl/kernels/forward_kernel/forward_kernel/forward_kernel.clc.00.bc
status: success
------------------------------------------
internal step: running transform to generate kernel.xml
timestamp: 27 Nov 2017 20:24:37
launch dir: /home/h-ninomiya/SDAccel_Examples/vision/forward_aligned/_xocc_compile_krnl_forward_krnl_forward.sw_emu.xilinx_kcu1500_4ddr-xpr_4_0.dir/impl/kernels/forward_kernel/forward_kernel
cmd: /home/opt/Xilinx/SDx/2017.2/Vivado_HLS/bin/vivado_hls -f "/home/h-ninomiya/SDAccel_Examples/vision/forward_aligned/_xocc_compile_krnl_forward_krnl_forward.sw_emu.xilinx_kcu1500_4ddr-xpr_4_0.dir/impl/kernels/forward_kernel/forward_kernel/hls_transform.tcl" -messageDb "/home/h-ninomiya/SDAccel_Examples/vision/forward_aligned/_xocc_compile_krnl_forward_krnl_forward.sw_emu.xilinx_kcu1500_4ddr-xpr_4_0.dir/impl/kernels/forward_kernel/forward_kernel/forward_kernel_hls_transform.pb"
status: success
------------------------------------------
internal step: running xclkernelinfohash to update kernel.xml
timestamp: 27 Nov 2017 20:24:38
launch dir: /home/h-ninomiya/SDAccel_Examples/vision/forward_aligned/_xocc_compile_krnl_forward_krnl_forward.sw_emu.xilinx_kcu1500_4ddr-xpr_4_0.dir/impl/kernels/forward_kernel/forward_kernel
cmd: /home/opt/Xilinx/SDx/2017.2/bin/../runtime/bin/xclkernelinfohash_new /home/h-ninomiya/SDAccel_Examples/vision/forward_aligned/src/krnl_forward.cl /home/h-ninomiya/SDAccel_Examples/vision/forward_aligned/_xocc_compile_krnl_forward_krnl_forward.sw_emu.xilinx_kcu1500_4ddr-xpr_4_0.dir/impl/kernels/forward_kernel/forward_kernel/kernel.xml
status: success
------------------------------------------
internal step: generating system estimate report file
timestamp: 27 Nov 2017 20:24:39
output: ./system_estimate.xtxt
   ------------------------------------------
   internal step: running clang to generate .clc.00.bc
   timestamp: 27 Nov 2017 20:24:39
   launch dir: /home/h-ninomiya/SDAccel_Examples/vision/forward_aligned/_xocc_compile_krnl_forward_krnl_forward.sw_emu.xilinx_kcu1500_4ddr-xpr_4_0.dir/impl/kernels/forward_kernel/forward_kernel
   cmd: /home/opt/Xilinx/SDx/2017.2/Vivado_HLS/lnx64/tools/clang/bin/clang -gcc-toolchain /home/opt/Xilinx/SDx/2017.2/Vivado_HLS/lnx64/tools/gcc/bin/gcc -hls -fno-exceptions -D__llvm__ -w /home/h-ninomiya/SDAccel_Examples/vision/forward_aligned/src/krnl_forward.cl -D __asm__(...)= -fno-math-errno -c -emit-llvm -O0 -mllvm -disable-llvm-optzns -include /home/opt/Xilinx/SDx/2017.2/Vivado_HLS/bin/../include/clc.h -include /home/opt/Xilinx/SDx/2017.2/Vivado_HLS/bin/../include/etc/autopilot_ssdm_op.h -std=CL1.2 -D__openclc -target spir64-unknown-linux-gnu  -I /home/h-ninomiya/SDAccel_Examples/vision/forward_aligned/src -g -o /home/h-ninomiya/SDAccel_Examples/vision/forward_aligned/_xocc_compile_krnl_forward_krnl_forward.sw_emu.xilinx_kcu1500_4ddr-xpr_4_0.dir/impl/kernels/forward_kernel/forward_kernel/forward_kernel.clc.00.bc
   status: success
   ------------------------------------------
   internal step: running transform to generate kernel.xml
   timestamp: 27 Nov 2017 20:24:39
   launch dir: /home/h-ninomiya/SDAccel_Examples/vision/forward_aligned/_xocc_compile_krnl_forward_krnl_forward.sw_emu.xilinx_kcu1500_4ddr-xpr_4_0.dir/impl/kernels/forward_kernel/forward_kernel
   cmd: /home/opt/Xilinx/SDx/2017.2/Vivado_HLS/bin/vivado_hls -f "/home/h-ninomiya/SDAccel_Examples/vision/forward_aligned/_xocc_compile_krnl_forward_krnl_forward.sw_emu.xilinx_kcu1500_4ddr-xpr_4_0.dir/impl/kernels/forward_kernel/forward_kernel/hls_transform.tcl" -messageDb "/home/h-ninomiya/SDAccel_Examples/vision/forward_aligned/_xocc_compile_krnl_forward_krnl_forward.sw_emu.xilinx_kcu1500_4ddr-xpr_4_0.dir/impl/kernels/forward_kernel/forward_kernel/forward_kernel_hls_transform.pb"
   status: success
   ------------------------------------------
   internal step: running xclkernelinfohash to update kernel.xml
   timestamp: 27 Nov 2017 20:24:40
   launch dir: /home/h-ninomiya/SDAccel_Examples/vision/forward_aligned/_xocc_compile_krnl_forward_krnl_forward.sw_emu.xilinx_kcu1500_4ddr-xpr_4_0.dir/impl/kernels/forward_kernel/forward_kernel
   cmd: /home/opt/Xilinx/SDx/2017.2/bin/../runtime/bin/xclkernelinfohash_new /home/h-ninomiya/SDAccel_Examples/vision/forward_aligned/src/krnl_forward.cl /home/h-ninomiya/SDAccel_Examples/vision/forward_aligned/_xocc_compile_krnl_forward_krnl_forward.sw_emu.xilinx_kcu1500_4ddr-xpr_4_0.dir/impl/kernels/forward_kernel/forward_kernel/kernel.xml
   status: success
   ------------------------------------------
   step: performing high-level synthesis for kernel:forward_kernel
   timestamp: 27 Nov 2017 20:26:52
   launch dir: /home/h-ninomiya/SDAccel_Examples/vision/forward_aligned/_xocc_compile_krnl_forward_krnl_forward.sw_emu.xilinx_kcu1500_4ddr-xpr_4_0.dir/impl/kernels/forward_kernel
   cmd: vivado_hls -f /home/h-ninomiya/SDAccel_Examples/vision/forward_aligned/_xocc_compile_krnl_forward_krnl_forward.sw_emu.xilinx_kcu1500_4ddr-xpr_4_0.dir/impl/kernels/forward_kernel/forward_kernel.tcl -messageDb vivado_hls.pb
